<?xml version="1.0" encoding="UTF-8"?>
<!-- Generated by org.testng.reporters.JUnitReportReporter -->
<testsuite hostname="rajendras-MacBook-Pro.local" failures="0" tests="3" name="browsers.BrowserFactory" time="136.371" errors="0" timestamp="16 Sep 2018 06:14:00 GMT" skipped="0">
  <testcase classname="browsers.BrowserFactory" name="launchTestAutomationGuruTest" time="14.883"/>
  <testcase classname="browsers.BrowserFactory" name="launchYahooTest" time="24.629"/>
  <testcase classname="browsers.BrowserFactory" name="launchGoogleTest" time="96.859"/>
</testsuite> <!-- browsers.BrowserFactory -->
